# SETTINGS ./simusched ejercicio4.tsk 1 1 1 SchedRR 1
LOAD 0  0
LOAD 0  1
LOAD 0  2
LOAD 0  3
# CONTEXT CPU 0 0
CPU 1  0 0
# CONTEXT CPU 0 2
CPU 3  1 0
# CONTEXT CPU 0 4
CPU 5  2 0
# CONTEXT CPU 0 6
CPU 7  3 0
CPU 8 -1 0
# CONTEXT CPU 0 9
CPU 10  0 0
# CONTEXT CPU 0 11
CPU 12  1 0
# CONTEXT CPU 0 13
CPU 14  2 0
# CONTEXT CPU 0 15
CPU 16  3 0
CPU 17 -1 0
# CONTEXT CPU 0 18
CPU 19  0 0
# CONTEXT CPU 0 20
CPU 21  1 0
# CONTEXT CPU 0 22
CPU 23  2 0
# CONTEXT CPU 0 24
CPU 25  3 0
CPU 26 -1 0
# CONTEXT CPU 0 27
CPU 28  0 0
EXIT 29  0 0
# CONTEXT CPU 0 29
CPU 30  1 0
EXIT 31  1 0
# CONTEXT CPU 0 31
CPU 32  2 0
EXIT 33  2 0
# CONTEXT CPU 0 33
CPU 34  3 0
EXIT 35  3 0
CPU 35 -1 0
