# SETTINGS ./simusched ejercicio4.tsk 3 1 1 SchedRR
LOAD 0  0
LOAD 0  1
LOAD 0  2
LOAD 0  3
# CONTEXT CPU 0 0
# CONTEXT CPU 1 0
# CONTEXT CPU 2 0
CPU 1  0 0
CPU 1  1 1
CPU 1  2 2
# CONTEXT CPU 0 2
# CONTEXT CPU 1 2
# CONTEXT CPU 2 2
CPU 3  3 0
# CONTEXT CPU 1 3
# CONTEXT CPU 2 3
# CONTEXT CPU 0 4
CPU 4  0 1
CPU 4  1 2
# CONTEXT CPU 0 5
# CONTEXT CPU 1 5
# CONTEXT CPU 2 5
CPU 6  2 0
# CONTEXT CPU 1 6
# CONTEXT CPU 2 6
# CONTEXT CPU 0 7
CPU 7  3 1
CPU 7  0 2
# CONTEXT CPU 0 8
# CONTEXT CPU 1 8
# CONTEXT CPU 2 8
CPU 9  1 0
# CONTEXT CPU 1 9
# CONTEXT CPU 2 9
# CONTEXT CPU 0 10
CPU 10  2 1
CPU 10  3 2
# CONTEXT CPU 0 11
# CONTEXT CPU 1 11
# CONTEXT CPU 2 11
CPU 12  0 0
# CONTEXT CPU 1 12
# CONTEXT CPU 2 12
EXIT 13  0 0
# CONTEXT CPU 0 13
CPU 13  1 1
CPU 13  2 2
EXIT 14  1 1
EXIT 14  2 2
# CONTEXT CPU 0 14
CPU 14 -1 1
CPU 14 -1 2
CPU 15  3 0
CPU 15 -1 1
CPU 15 -1 2
EXIT 16  3 0
CPU 16 -1 0
CPU 16 -1 1
CPU 16 -1 2
