# SETTINGS ./simusched ejercicio2.tsk 2 1 1 SchedFCFS
LOAD 0  0
LOAD 0  1
# CONTEXT CPU 0 0
# CONTEXT CPU 1 0
CPU 1  0 0
CPU 1  1 1
BLOCK 2  1
CPU 2  0 0
CPU 2  1 1
BLOCK 3  1
CPU 3  0 0
CPU 3  1 1
BLOCK 4  1
CPU 4  0 0
CPU 4  1 1
BLOCK 5  1
CPU 5  0 0
CPU 5  1 1
BLOCK 6  1
CPU 6  0 0
CPU 6  1 1
BLOCK 7  1
CPU 7  0 0
CPU 7  1 1
BLOCK 8  1
CPU 8  0 0
CPU 8  1 1
BLOCK 9  1
CPU 9  0 0
CPU 9  1 1
BLOCK 10  1
UNBLOCK 10  1
CPU 10  0 0
CPU 10  1 1
BLOCK 11  1
CPU 11  0 0
CPU 11  1 1
EXIT 12  0 0
BLOCK 12  1
CPU 12 -1 0
CPU 12  1 1
BLOCK 13  1
CPU 13 -1 0
CPU 13  1 1
BLOCK 14  1
CPU 14 -1 0
CPU 14  1 1
BLOCK 15  1
CPU 15 -1 0
CPU 15  1 1
BLOCK 16  1
CPU 16 -1 0
CPU 16  1 1
BLOCK 17  1
UNBLOCK 17  1
CPU 17 -1 0
CPU 17  1 1
BLOCK 18  1
CPU 18 -1 0
CPU 18  1 1
BLOCK 19  1
CPU 19 -1 0
CPU 19  1 1
BLOCK 20  1
CPU 20 -1 0
CPU 20  1 1
BLOCK 21  1
CPU 21 -1 0
CPU 21  1 1
BLOCK 22  1
CPU 22 -1 0
CPU 22  1 1
BLOCK 23  1
CPU 23 -1 0
CPU 23  1 1
BLOCK 24  1
CPU 24 -1 0
CPU 24  1 1
BLOCK 25  1
UNBLOCK 25  1
CPU 25 -1 0
CPU 25  1 1
EXIT 26  1 1
CPU 26 -1 0
CPU 26 -1 1
