# SETTINGS ./simusched ejercicio2.tsk 1 1 1 SchedFCFS
LOAD 0  0
LOAD 0  1
# CONTEXT CPU 0 0
CPU 1  0 0
CPU 2  0 0
CPU 3  0 0
CPU 4  0 0
CPU 5  0 0
CPU 6  0 0
CPU 7  0 0
CPU 8  0 0
CPU 9  0 0
CPU 10  0 0
CPU 11  0 0
EXIT 12  0 0
# CONTEXT CPU 0 12
CPU 13  1 0
BLOCK 14  1
CPU 14  1 0
BLOCK 15  1
CPU 15  1 0
BLOCK 16  1
CPU 16  1 0
BLOCK 17  1
CPU 17  1 0
BLOCK 18  1
CPU 18  1 0
BLOCK 19  1
CPU 19  1 0
BLOCK 20  1
CPU 20  1 0
BLOCK 21  1
CPU 21  1 0
BLOCK 22  1
UNBLOCK 22  1
CPU 22  1 0
BLOCK 23  1
CPU 23  1 0
BLOCK 24  1
CPU 24  1 0
BLOCK 25  1
CPU 25  1 0
BLOCK 26  1
CPU 26  1 0
BLOCK 27  1
CPU 27  1 0
BLOCK 28  1
CPU 28  1 0
BLOCK 29  1
UNBLOCK 29  1
CPU 29  1 0
BLOCK 30  1
CPU 30  1 0
BLOCK 31  1
CPU 31  1 0
BLOCK 32  1
CPU 32  1 0
BLOCK 33  1
CPU 33  1 0
BLOCK 34  1
CPU 34  1 0
BLOCK 35  1
CPU 35  1 0
BLOCK 36  1
CPU 36  1 0
BLOCK 37  1
UNBLOCK 37  1
CPU 37  1 0
EXIT 38  1 0
CPU 38 -1 0
