# SETTINGS ./simusched ejercicio4.tsk 3 1 1 SchedRR2
LOAD 0  0
LOAD 0  1
LOAD 0  2
LOAD 0  3
# CONTEXT CPU 0 0
# CONTEXT CPU 1 0
# CONTEXT CPU 2 0
CPU 1  0 0
CPU 1  1 1
CPU 1  2 2
# CONTEXT CPU 0 2
CPU 2  1 1
CPU 2  2 2
CPU 3  3 0
CPU 3  1 1
CPU 3  2 2
# CONTEXT CPU 0 4
CPU 4  1 1
CPU 4  2 2
EXIT 5  1 1
EXIT 5  2 2
CPU 5  0 0
CPU 5 -1 1
CPU 5 -1 2
# CONTEXT CPU 0 6
CPU 6 -1 1
CPU 6 -1 2
CPU 7  3 0
CPU 7 -1 1
CPU 7 -1 2
# CONTEXT CPU 0 8
CPU 8 -1 1
CPU 8 -1 2
CPU 9  0 0
CPU 9 -1 1
CPU 9 -1 2
# CONTEXT CPU 0 10
CPU 10 -1 1
CPU 10 -1 2
CPU 11  3 0
CPU 11 -1 1
CPU 11 -1 2
# CONTEXT CPU 0 12
CPU 12 -1 1
CPU 12 -1 2
CPU 13  0 0
CPU 13 -1 1
CPU 13 -1 2
EXIT 14  0 0
# CONTEXT CPU 0 14
CPU 14 -1 1
CPU 14 -1 2
CPU 15  3 0
CPU 15 -1 1
CPU 15 -1 2
EXIT 16  3 0
CPU 16 -1 0
CPU 16 -1 1
CPU 16 -1 2
