# SETTINGS ./simusched ejercicio4-1.tsk 1 1 1 SchedFixed
LOAD 0  0
LOAD 0  1
LOAD 0  2
LOAD 0  3
# CONTEXT CPU 0 0
CPU 1  0 0
# CONTEXT CPU 0 2
CPU 3  2 0
# CONTEXT CPU 0 4
CPU 5  0 0
# CONTEXT CPU 0 6
CPU 7  3 0
# CONTEXT CPU 0 8
CPU 9  1 0
# CONTEXT CPU 0 10
CPU 11  2 0
# CONTEXT CPU 0 12
CPU 13  0 0
# CONTEXT CPU 0 14
CPU 15  3 0
# CONTEXT CPU 0 16
CPU 17  1 0
# CONTEXT CPU 0 18
CPU 19  2 0
# CONTEXT CPU 0 20
CPU 21  0 0
EXIT 22  0 0
# CONTEXT CPU 0 22
CPU 23  3 0
# CONTEXT CPU 0 24
CPU 25  1 0
# CONTEXT CPU 0 26
CPU 27  2 0
EXIT 28  2 0
# CONTEXT CPU 0 28
CPU 29  3 0
EXIT 30  3 0
# CONTEXT CPU 0 30
CPU 31  1 0
EXIT 32  1 0
CPU 32 -1 0
