es empty1# SETTINGS ./simusched ejercicio4.tsk 1 1 1 SchedRR
LOAD 0  0
LOAD 0  1
LOAD 0  2
LOAD 0  3
# CONTEXT CPU 0 0
CPU 1  0 0
# CONTEXT CPU 0 2
CPU 3  1 0
# CONTEXT CPU 0 4
CPU 5  2 0
# CONTEXT CPU 0 6
CPU 7  3 0
# CONTEXT CPU 0 8
CPU 9  0 0
# CONTEXT CPU 0 10
CPU 11  1 0
# CONTEXT CPU 0 12
CPU 13  2 0
# CONTEXT CPU 0 14
CPU 15  3 0
# CONTEXT CPU 0 16
CPU 17  0 0
# CONTEXT CPU 0 18
CPU 19  1 0
# CONTEXT CPU 0 20
CPU 21  2 0
# CONTEXT CPU 0 22
CPU 23  3 0
# CONTEXT CPU 0 24
CPU 25  0 0
EXIT 26  0 0
# CONTEXT CPU 0 26
CPU 27  1 0
EXIT 28  1 0
# CONTEXT CPU 0 28
CPU 29  2 0
EXIT 30  2 0
# CONTEXT CPU 0 30
CPU 31  3 0
EXIT 32  3 0
CPU 32 -1 0
